<?xml version="1.0" encoding="UTF-8"?>
<testsuite xmlns:xsi="http://www.w3.org/2001/XMLSchema-instance" xsi:noNamespaceSchemaLocation="https://maven.apache.org/surefire/maven-surefire-plugin/xsd/surefire-test-report.xsd" name="mflix.api.daos.TimeoutsTest" time="2.034" tests="2" errors="2" skipped="0" failures="0">
  <properties>
    <property name="gopherProxySet" value="false"/>
    <property name="awt.toolkit" value="sun.lwawt.macosx.LWCToolkit"/>
    <property name="file.encoding.pkg" value="sun.io"/>
    <property name="java.specification.version" value="1.8"/>
    <property name="sun.cpu.isalist" value=""/>
    <property name="sun.jnu.encoding" value="UTF-8"/>
    <property name="java.class.path" value="/Users/manishsharma/code/src/github/mflix-java/mflix/target/test-classes:/Users/manishsharma/code/src/github/mflix-java/mflix/target/classes:/Users/manishsharma/.m2/repository/org/springframework/boot/spring-boot-starter-web/2.0.3.RELEASE/spring-boot-starter-web-2.0.3.RELEASE.jar:/Users/manishsharma/.m2/repository/org/springframework/boot/spring-boot-starter/2.0.3.RELEASE/spring-boot-starter-2.0.3.RELEASE.jar:/Users/manishsharma/.m2/repository/org/springframework/boot/spring-boot-starter-logging/2.0.3.RELEASE/spring-boot-starter-logging-2.0.3.RELEASE.jar:/Users/manishsharma/.m2/repository/ch/qos/logback/logback-classic/1.2.3/logback-classic-1.2.3.jar:/Users/manishsharma/.m2/repository/ch/qos/logback/logback-core/1.2.3/logback-core-1.2.3.jar:/Users/manishsharma/.m2/repository/org/apache/logging/log4j/log4j-to-slf4j/2.10.0/log4j-to-slf4j-2.10.0.jar:/Users/manishsharma/.m2/repository/org/apache/logging/log4j/log4j-api/2.10.0/log4j-api-2.10.0.jar:/Users/manishsharma/.m2/repository/org/slf4j/jul-to-slf4j/1.7.25/jul-to-slf4j-1.7.25.jar:/Users/manishsharma/.m2/repository/javax/annotation/javax.annotation-api/1.3.2/javax.annotation-api-1.3.2.jar:/Users/manishsharma/.m2/repository/org/yaml/snakeyaml/1.19/snakeyaml-1.19.jar:/Users/manishsharma/.m2/repository/org/springframework/boot/spring-boot-starter-json/2.0.3.RELEASE/spring-boot-starter-json-2.0.3.RELEASE.jar:/Users/manishsharma/.m2/repository/com/fasterxml/jackson/datatype/jackson-datatype-jdk8/2.9.6/jackson-datatype-jdk8-2.9.6.jar:/Users/manishsharma/.m2/repository/com/fasterxml/jackson/datatype/jackson-datatype-jsr310/2.9.6/jackson-datatype-jsr310-2.9.6.jar:/Users/manishsharma/.m2/repository/com/fasterxml/jackson/module/jackson-module-parameter-names/2.9.6/jackson-module-parameter-names-2.9.6.jar:/Users/manishsharma/.m2/repository/org/springframework/boot/spring-boot-starter-tomcat/2.0.3.RELEASE/spring-boot-starter-tomcat-2.0.3.RELEASE.jar:/Users/manishsharma/.m2/repository/org/apache/tomcat/embed/tomcat-embed-core/8.5.31/tomcat-embed-core-8.5.31.jar:/Users/manishsharma/.m2/repository/org/apache/tomcat/embed/tomcat-embed-el/8.5.31/tomcat-embed-el-8.5.31.jar:/Users/manishsharma/.m2/repository/org/apache/tomcat/embed/tomcat-embed-websocket/8.5.31/tomcat-embed-websocket-8.5.31.jar:/Users/manishsharma/.m2/repository/org/hibernate/validator/hibernate-validator/6.0.10.Final/hibernate-validator-6.0.10.Final.jar:/Users/manishsharma/.m2/repository/javax/validation/validation-api/2.0.1.Final/validation-api-2.0.1.Final.jar:/Users/manishsharma/.m2/repository/org/jboss/logging/jboss-logging/3.3.2.Final/jboss-logging-3.3.2.Final.jar:/Users/manishsharma/.m2/repository/com/fasterxml/classmate/1.3.4/classmate-1.3.4.jar:/Users/manishsharma/.m2/repository/org/springframework/spring-webmvc/5.0.7.RELEASE/spring-webmvc-5.0.7.RELEASE.jar:/Users/manishsharma/.m2/repository/org/springframework/boot/spring-boot-starter-test/2.0.3.RELEASE/spring-boot-starter-test-2.0.3.RELEASE.jar:/Users/manishsharma/.m2/repository/org/springframework/boot/spring-boot-test/2.0.3.RELEASE/spring-boot-test-2.0.3.RELEASE.jar:/Users/manishsharma/.m2/repository/org/springframework/boot/spring-boot-test-autoconfigure/2.0.3.RELEASE/spring-boot-test-autoconfigure-2.0.3.RELEASE.jar:/Users/manishsharma/.m2/repository/com/jayway/jsonpath/json-path/2.4.0/json-path-2.4.0.jar:/Users/manishsharma/.m2/repository/net/minidev/json-smart/2.3/json-smart-2.3.jar:/Users/manishsharma/.m2/repository/net/minidev/accessors-smart/1.2/accessors-smart-1.2.jar:/Users/manishsharma/.m2/repository/org/ow2/asm/asm/5.0.4/asm-5.0.4.jar:/Users/manishsharma/.m2/repository/org/slf4j/slf4j-api/1.7.25/slf4j-api-1.7.25.jar:/Users/manishsharma/.m2/repository/junit/junit/4.12/junit-4.12.jar:/Users/manishsharma/.m2/repository/org/assertj/assertj-core/3.9.1/assertj-core-3.9.1.jar:/Users/manishsharma/.m2/repository/org/mockito/mockito-core/2.15.0/mockito-core-2.15.0.jar:/Users/manishsharma/.m2/repository/net/bytebuddy/byte-buddy/1.7.9/byte-buddy-1.7.9.jar:/Users/manishsharma/.m2/repository/net/bytebuddy/byte-buddy-agent/1.7.9/byte-buddy-agent-1.7.9.jar:/Users/manishsharma/.m2/repository/org/objenesis/objenesis/2.6/objenesis-2.6.jar:/Users/manishsharma/.m2/repository/org/hamcrest/hamcrest-core/1.3/hamcrest-core-1.3.jar:/Users/manishsharma/.m2/repository/org/hamcrest/hamcrest-library/1.3/hamcrest-library-1.3.jar:/Users/manishsharma/.m2/repository/org/skyscreamer/jsonassert/1.5.0/jsonassert-1.5.0.jar:/Users/manishsharma/.m2/repository/com/vaadin/external/google/android-json/0.0.20131108.vaadin1/android-json-0.0.20131108.vaadin1.jar:/Users/manishsharma/.m2/repository/org/springframework/spring-test/5.0.7.RELEASE/spring-test-5.0.7.RELEASE.jar:/Users/manishsharma/.m2/repository/org/xmlunit/xmlunit-core/2.5.1/xmlunit-core-2.5.1.jar:/Users/manishsharma/.m2/repository/org/springframework/boot/spring-boot-starter-security/2.0.4.RELEASE/spring-boot-starter-security-2.0.4.RELEASE.jar:/Users/manishsharma/.m2/repository/org/springframework/spring-aop/5.0.8.RELEASE/spring-aop-5.0.8.RELEASE.jar:/Users/manishsharma/.m2/repository/org/springframework/security/spring-security-config/5.0.7.RELEASE/spring-security-config-5.0.7.RELEASE.jar:/Users/manishsharma/.m2/repository/org/springframework/security/spring-security-core/5.0.7.RELEASE/spring-security-core-5.0.7.RELEASE.jar:/Users/manishsharma/.m2/repository/org/springframework/security/spring-security-web/5.0.7.RELEASE/spring-security-web-5.0.7.RELEASE.jar:/Users/manishsharma/.m2/repository/org/springframework/boot/spring-boot/2.0.4.RELEASE/spring-boot-2.0.4.RELEASE.jar:/Users/manishsharma/.m2/repository/org/springframework/spring-context/5.0.7.RELEASE/spring-context-5.0.7.RELEASE.jar:/Users/manishsharma/.m2/repository/org/springframework/spring-beans/5.0.7.RELEASE/spring-beans-5.0.7.RELEASE.jar:/Users/manishsharma/.m2/repository/org/springframework/spring-expression/5.0.7.RELEASE/spring-expression-5.0.7.RELEASE.jar:/Users/manishsharma/.m2/repository/org/springframework/spring-core/5.0.7.RELEASE/spring-core-5.0.7.RELEASE.jar:/Users/manishsharma/.m2/repository/org/springframework/spring-jcl/5.0.7.RELEASE/spring-jcl-5.0.7.RELEASE.jar:/Users/manishsharma/.m2/repository/org/springframework/boot/spring-boot-autoconfigure/2.0.3.RELEASE/spring-boot-autoconfigure-2.0.3.RELEASE.jar:/Users/manishsharma/.m2/repository/org/springframework/spring-web/5.0.7.RELEASE/spring-web-5.0.7.RELEASE.jar:/Users/manishsharma/.m2/repository/io/jsonwebtoken/jjwt/0.9.1/jjwt-0.9.1.jar:/Users/manishsharma/.m2/repository/com/fasterxml/jackson/core/jackson-databind/2.9.6/jackson-databind-2.9.6.jar:/Users/manishsharma/.m2/repository/com/fasterxml/jackson/core/jackson-annotations/2.9.0/jackson-annotations-2.9.0.jar:/Users/manishsharma/.m2/repository/com/fasterxml/jackson/core/jackson-core/2.9.6/jackson-core-2.9.6.jar:/Users/manishsharma/.m2/repository/org/junit/jupiter/junit-jupiter-api/5.1.0/junit-jupiter-api-5.1.0.jar:/Users/manishsharma/.m2/repository/org/apiguardian/apiguardian-api/1.0.0/apiguardian-api-1.0.0.jar:/Users/manishsharma/.m2/repository/org/opentest4j/opentest4j/1.0.0/opentest4j-1.0.0.jar:/Users/manishsharma/.m2/repository/org/junit/platform/junit-platform-commons/1.1.0/junit-platform-commons-1.1.0.jar:/Users/manishsharma/.m2/repository/org/mongodb/mongodb-driver-sync/3.9.1/mongodb-driver-sync-3.9.1.jar:/Users/manishsharma/.m2/repository/org/mongodb/bson/3.9.1/bson-3.9.1.jar:/Users/manishsharma/.m2/repository/org/mongodb/mongodb-driver-core/3.9.1/mongodb-driver-core-3.9.1.jar:"/>
    <property name="java.vm.vendor" value="Oracle Corporation"/>
    <property name="sun.arch.data.model" value="64"/>
    <property name="java.vendor.url" value="http://java.oracle.com/"/>
    <property name="user.timezone" value=""/>
    <property name="java.vm.specification.version" value="1.8"/>
    <property name="os.name" value="Mac OS X"/>
    <property name="user.country" value="IN"/>
    <property name="sun.java.launcher" value="SUN_STANDARD"/>
    <property name="sun.boot.library.path" value="/Library/Java/JavaVirtualMachines/jdk1.8.0_181.jdk/Contents/Home/jre/lib"/>
    <property name="sun.java.command" value="/Users/manishsharma/code/src/github/mflix-java/mflix/target/surefire/surefirebooter7473799278809945510.jar /Users/manishsharma/code/src/github/mflix-java/mflix/target/surefire 2020-05-09T03-17-46_509-jvmRun1 surefire52434222757390833tmp surefire_08683727588575970305tmp"/>
    <property name="http.nonProxyHosts" value="local|*.local|169.254/16|*.169.254/16"/>
    <property name="surefire.test.class.path" value="/Users/manishsharma/code/src/github/mflix-java/mflix/target/test-classes:/Users/manishsharma/code/src/github/mflix-java/mflix/target/classes:/Users/manishsharma/.m2/repository/org/springframework/boot/spring-boot-starter-web/2.0.3.RELEASE/spring-boot-starter-web-2.0.3.RELEASE.jar:/Users/manishsharma/.m2/repository/org/springframework/boot/spring-boot-starter/2.0.3.RELEASE/spring-boot-starter-2.0.3.RELEASE.jar:/Users/manishsharma/.m2/repository/org/springframework/boot/spring-boot-starter-logging/2.0.3.RELEASE/spring-boot-starter-logging-2.0.3.RELEASE.jar:/Users/manishsharma/.m2/repository/ch/qos/logback/logback-classic/1.2.3/logback-classic-1.2.3.jar:/Users/manishsharma/.m2/repository/ch/qos/logback/logback-core/1.2.3/logback-core-1.2.3.jar:/Users/manishsharma/.m2/repository/org/apache/logging/log4j/log4j-to-slf4j/2.10.0/log4j-to-slf4j-2.10.0.jar:/Users/manishsharma/.m2/repository/org/apache/logging/log4j/log4j-api/2.10.0/log4j-api-2.10.0.jar:/Users/manishsharma/.m2/repository/org/slf4j/jul-to-slf4j/1.7.25/jul-to-slf4j-1.7.25.jar:/Users/manishsharma/.m2/repository/javax/annotation/javax.annotation-api/1.3.2/javax.annotation-api-1.3.2.jar:/Users/manishsharma/.m2/repository/org/yaml/snakeyaml/1.19/snakeyaml-1.19.jar:/Users/manishsharma/.m2/repository/org/springframework/boot/spring-boot-starter-json/2.0.3.RELEASE/spring-boot-starter-json-2.0.3.RELEASE.jar:/Users/manishsharma/.m2/repository/com/fasterxml/jackson/datatype/jackson-datatype-jdk8/2.9.6/jackson-datatype-jdk8-2.9.6.jar:/Users/manishsharma/.m2/repository/com/fasterxml/jackson/datatype/jackson-datatype-jsr310/2.9.6/jackson-datatype-jsr310-2.9.6.jar:/Users/manishsharma/.m2/repository/com/fasterxml/jackson/module/jackson-module-parameter-names/2.9.6/jackson-module-parameter-names-2.9.6.jar:/Users/manishsharma/.m2/repository/org/springframework/boot/spring-boot-starter-tomcat/2.0.3.RELEASE/spring-boot-starter-tomcat-2.0.3.RELEASE.jar:/Users/manishsharma/.m2/repository/org/apache/tomcat/embed/tomcat-embed-core/8.5.31/tomcat-embed-core-8.5.31.jar:/Users/manishsharma/.m2/repository/org/apache/tomcat/embed/tomcat-embed-el/8.5.31/tomcat-embed-el-8.5.31.jar:/Users/manishsharma/.m2/repository/org/apache/tomcat/embed/tomcat-embed-websocket/8.5.31/tomcat-embed-websocket-8.5.31.jar:/Users/manishsharma/.m2/repository/org/hibernate/validator/hibernate-validator/6.0.10.Final/hibernate-validator-6.0.10.Final.jar:/Users/manishsharma/.m2/repository/javax/validation/validation-api/2.0.1.Final/validation-api-2.0.1.Final.jar:/Users/manishsharma/.m2/repository/org/jboss/logging/jboss-logging/3.3.2.Final/jboss-logging-3.3.2.Final.jar:/Users/manishsharma/.m2/repository/com/fasterxml/classmate/1.3.4/classmate-1.3.4.jar:/Users/manishsharma/.m2/repository/org/springframework/spring-webmvc/5.0.7.RELEASE/spring-webmvc-5.0.7.RELEASE.jar:/Users/manishsharma/.m2/repository/org/springframework/boot/spring-boot-starter-test/2.0.3.RELEASE/spring-boot-starter-test-2.0.3.RELEASE.jar:/Users/manishsharma/.m2/repository/org/springframework/boot/spring-boot-test/2.0.3.RELEASE/spring-boot-test-2.0.3.RELEASE.jar:/Users/manishsharma/.m2/repository/org/springframework/boot/spring-boot-test-autoconfigure/2.0.3.RELEASE/spring-boot-test-autoconfigure-2.0.3.RELEASE.jar:/Users/manishsharma/.m2/repository/com/jayway/jsonpath/json-path/2.4.0/json-path-2.4.0.jar:/Users/manishsharma/.m2/repository/net/minidev/json-smart/2.3/json-smart-2.3.jar:/Users/manishsharma/.m2/repository/net/minidev/accessors-smart/1.2/accessors-smart-1.2.jar:/Users/manishsharma/.m2/repository/org/ow2/asm/asm/5.0.4/asm-5.0.4.jar:/Users/manishsharma/.m2/repository/org/slf4j/slf4j-api/1.7.25/slf4j-api-1.7.25.jar:/Users/manishsharma/.m2/repository/junit/junit/4.12/junit-4.12.jar:/Users/manishsharma/.m2/repository/org/assertj/assertj-core/3.9.1/assertj-core-3.9.1.jar:/Users/manishsharma/.m2/repository/org/mockito/mockito-core/2.15.0/mockito-core-2.15.0.jar:/Users/manishsharma/.m2/repository/net/bytebuddy/byte-buddy/1.7.9/byte-buddy-1.7.9.jar:/Users/manishsharma/.m2/repository/net/bytebuddy/byte-buddy-agent/1.7.9/byte-buddy-agent-1.7.9.jar:/Users/manishsharma/.m2/repository/org/objenesis/objenesis/2.6/objenesis-2.6.jar:/Users/manishsharma/.m2/repository/org/hamcrest/hamcrest-core/1.3/hamcrest-core-1.3.jar:/Users/manishsharma/.m2/repository/org/hamcrest/hamcrest-library/1.3/hamcrest-library-1.3.jar:/Users/manishsharma/.m2/repository/org/skyscreamer/jsonassert/1.5.0/jsonassert-1.5.0.jar:/Users/manishsharma/.m2/repository/com/vaadin/external/google/android-json/0.0.20131108.vaadin1/android-json-0.0.20131108.vaadin1.jar:/Users/manishsharma/.m2/repository/org/springframework/spring-test/5.0.7.RELEASE/spring-test-5.0.7.RELEASE.jar:/Users/manishsharma/.m2/repository/org/xmlunit/xmlunit-core/2.5.1/xmlunit-core-2.5.1.jar:/Users/manishsharma/.m2/repository/org/springframework/boot/spring-boot-starter-security/2.0.4.RELEASE/spring-boot-starter-security-2.0.4.RELEASE.jar:/Users/manishsharma/.m2/repository/org/springframework/spring-aop/5.0.8.RELEASE/spring-aop-5.0.8.RELEASE.jar:/Users/manishsharma/.m2/repository/org/springframework/security/spring-security-config/5.0.7.RELEASE/spring-security-config-5.0.7.RELEASE.jar:/Users/manishsharma/.m2/repository/org/springframework/security/spring-security-core/5.0.7.RELEASE/spring-security-core-5.0.7.RELEASE.jar:/Users/manishsharma/.m2/repository/org/springframework/security/spring-security-web/5.0.7.RELEASE/spring-security-web-5.0.7.RELEASE.jar:/Users/manishsharma/.m2/repository/org/springframework/boot/spring-boot/2.0.4.RELEASE/spring-boot-2.0.4.RELEASE.jar:/Users/manishsharma/.m2/repository/org/springframework/spring-context/5.0.7.RELEASE/spring-context-5.0.7.RELEASE.jar:/Users/manishsharma/.m2/repository/org/springframework/spring-beans/5.0.7.RELEASE/spring-beans-5.0.7.RELEASE.jar:/Users/manishsharma/.m2/repository/org/springframework/spring-expression/5.0.7.RELEASE/spring-expression-5.0.7.RELEASE.jar:/Users/manishsharma/.m2/repository/org/springframework/spring-core/5.0.7.RELEASE/spring-core-5.0.7.RELEASE.jar:/Users/manishsharma/.m2/repository/org/springframework/spring-jcl/5.0.7.RELEASE/spring-jcl-5.0.7.RELEASE.jar:/Users/manishsharma/.m2/repository/org/springframework/boot/spring-boot-autoconfigure/2.0.3.RELEASE/spring-boot-autoconfigure-2.0.3.RELEASE.jar:/Users/manishsharma/.m2/repository/org/springframework/spring-web/5.0.7.RELEASE/spring-web-5.0.7.RELEASE.jar:/Users/manishsharma/.m2/repository/io/jsonwebtoken/jjwt/0.9.1/jjwt-0.9.1.jar:/Users/manishsharma/.m2/repository/com/fasterxml/jackson/core/jackson-databind/2.9.6/jackson-databind-2.9.6.jar:/Users/manishsharma/.m2/repository/com/fasterxml/jackson/core/jackson-annotations/2.9.0/jackson-annotations-2.9.0.jar:/Users/manishsharma/.m2/repository/com/fasterxml/jackson/core/jackson-core/2.9.6/jackson-core-2.9.6.jar:/Users/manishsharma/.m2/repository/org/junit/jupiter/junit-jupiter-api/5.1.0/junit-jupiter-api-5.1.0.jar:/Users/manishsharma/.m2/repository/org/apiguardian/apiguardian-api/1.0.0/apiguardian-api-1.0.0.jar:/Users/manishsharma/.m2/repository/org/opentest4j/opentest4j/1.0.0/opentest4j-1.0.0.jar:/Users/manishsharma/.m2/repository/org/junit/platform/junit-platform-commons/1.1.0/junit-platform-commons-1.1.0.jar:/Users/manishsharma/.m2/repository/org/mongodb/mongodb-driver-sync/3.9.1/mongodb-driver-sync-3.9.1.jar:/Users/manishsharma/.m2/repository/org/mongodb/bson/3.9.1/bson-3.9.1.jar:/Users/manishsharma/.m2/repository/org/mongodb/mongodb-driver-core/3.9.1/mongodb-driver-core-3.9.1.jar:"/>
    <property name="sun.cpu.endian" value="little"/>
    <property name="user.home" value="/Users/manishsharma"/>
    <property name="user.language" value="en"/>
    <property name="java.specification.vendor" value="Oracle Corporation"/>
    <property name="java.home" value="/Library/Java/JavaVirtualMachines/jdk1.8.0_181.jdk/Contents/Home/jre"/>
    <property name="basedir" value="/Users/manishsharma/code/src/github/mflix-java/mflix"/>
    <property name="file.separator" value="/"/>
    <property name="line.separator" value="&#10;"/>
    <property name="java.vm.specification.vendor" value="Oracle Corporation"/>
    <property name="java.specification.name" value="Java Platform API Specification"/>
    <property name="java.awt.graphicsenv" value="sun.awt.CGraphicsEnvironment"/>
    <property name="surefire.real.class.path" value="/Users/manishsharma/code/src/github/mflix-java/mflix/target/surefire/surefirebooter7473799278809945510.jar"/>
    <property name="sun.boot.class.path" value="/Library/Java/JavaVirtualMachines/jdk1.8.0_181.jdk/Contents/Home/jre/lib/resources.jar:/Library/Java/JavaVirtualMachines/jdk1.8.0_181.jdk/Contents/Home/jre/lib/rt.jar:/Library/Java/JavaVirtualMachines/jdk1.8.0_181.jdk/Contents/Home/jre/lib/sunrsasign.jar:/Library/Java/JavaVirtualMachines/jdk1.8.0_181.jdk/Contents/Home/jre/lib/jsse.jar:/Library/Java/JavaVirtualMachines/jdk1.8.0_181.jdk/Contents/Home/jre/lib/jce.jar:/Library/Java/JavaVirtualMachines/jdk1.8.0_181.jdk/Contents/Home/jre/lib/charsets.jar:/Library/Java/JavaVirtualMachines/jdk1.8.0_181.jdk/Contents/Home/jre/lib/jfr.jar:/Library/Java/JavaVirtualMachines/jdk1.8.0_181.jdk/Contents/Home/jre/classes"/>
    <property name="sun.management.compiler" value="HotSpot 64-Bit Tiered Compilers"/>
    <property name="ftp.nonProxyHosts" value="local|*.local|169.254/16|*.169.254/16"/>
    <property name="java.runtime.version" value="1.8.0_181-b13"/>
    <property name="user.name" value="manishsharma"/>
    <property name="path.separator" value=":"/>
    <property name="os.version" value="10.15.4"/>
    <property name="java.endorsed.dirs" value="/Library/Java/JavaVirtualMachines/jdk1.8.0_181.jdk/Contents/Home/jre/lib/endorsed"/>
    <property name="java.runtime.name" value="Java(TM) SE Runtime Environment"/>
    <property name="file.encoding" value="US-ASCII"/>
    <property name="java.vm.name" value="Java HotSpot(TM) 64-Bit Server VM"/>
    <property name="localRepository" value="/Users/manishsharma/.m2/repository"/>
    <property name="java.vendor.url.bug" value="http://bugreport.sun.com/bugreport/"/>
    <property name="java.io.tmpdir" value="/var/folders/x1/wtj3l_0d3mj7y8vr_714q2_r0000gn/T/"/>
    <property name="java.version" value="1.8.0_181"/>
    <property name="user.dir" value="/Users/manishsharma/code/src/github/mflix-java/mflix"/>
    <property name="os.arch" value="x86_64"/>
    <property name="java.vm.specification.name" value="Java Virtual Machine Specification"/>
    <property name="java.awt.printerjob" value="sun.lwawt.macosx.CPrinterJob"/>
    <property name="sun.os.patch.level" value="unknown"/>
    <property name="idea.version2019.3.4" value="true"/>
    <property name="java.library.path" value="/Users/manishsharma/Library/Java/Extensions:/Library/Java/Extensions:/Network/Library/Java/Extensions:/System/Library/Java/Extensions:/usr/lib/java:."/>
    <property name="java.vm.info" value="mixed mode"/>
    <property name="java.vendor" value="Oracle Corporation"/>
    <property name="java.vm.version" value="25.181-b13"/>
    <property name="java.ext.dirs" value="/Users/manishsharma/Library/Java/Extensions:/Library/Java/JavaVirtualMachines/jdk1.8.0_181.jdk/Contents/Home/jre/lib/ext:/Library/Java/Extensions:/Network/Library/Java/Extensions:/System/Library/Java/Extensions:/usr/lib/java"/>
    <property name="sun.io.unicode.encoding" value="UnicodeBig"/>
    <property name="java.class.version" value="52.0"/>
    <property name="socksNonProxyHosts" value="local|*.local|169.254/16|*.169.254/16"/>
  </properties>
  <testcase name="testConfiguredConnectionTimeoutMs" classname="mflix.api.daos.TimeoutsTest" time="0.062">
    <error type="java.lang.NullPointerException">java.lang.NullPointerException
	at mflix.api.daos.TimeoutsTest.testConfiguredConnectionTimeoutMs(TimeoutsTest.java:58)
</error>
    <system-out><![CDATA[2020-05-09 03:18:00.462  INFO 87253 --- [           main] .b.t.c.SpringBootTestContextBootstrapper : Neither @ContextConfiguration nor @ContextHierarchy found for test class [mflix.api.daos.TimeoutsTest], using SpringBootContextLoader
2020-05-09 03:18:00.463  INFO 87253 --- [           main] o.s.t.c.support.AbstractContextLoader    : Could not detect default resource locations for test class [mflix.api.daos.TimeoutsTest]: no resource found for suffixes {-context.xml, Context.groovy}.
2020-05-09 03:18:00.488  INFO 87253 --- [           main] .b.t.c.SpringBootTestContextBootstrapper : Loaded default TestExecutionListener class names from location [META-INF/spring.factories]: [org.springframework.boot.test.mock.mockito.MockitoTestExecutionListener, org.springframework.boot.test.mock.mockito.ResetMocksTestExecutionListener, org.springframework.boot.test.autoconfigure.restdocs.RestDocsTestExecutionListener, org.springframework.boot.test.autoconfigure.web.client.MockRestServiceServerResetTestExecutionListener, org.springframework.boot.test.autoconfigure.web.servlet.MockMvcPrintOnlyOnFailureTestExecutionListener, org.springframework.boot.test.autoconfigure.web.servlet.WebDriverTestExecutionListener, org.springframework.test.context.web.ServletTestExecutionListener, org.springframework.test.context.support.DirtiesContextBeforeModesTestExecutionListener, org.springframework.test.context.support.DependencyInjectionTestExecutionListener, org.springframework.test.context.support.DirtiesContextTestExecutionListener, org.springframework.test.context.transaction.TransactionalTestExecutionListener, org.springframework.test.context.jdbc.SqlScriptsTestExecutionListener]
2020-05-09 03:18:00.491  INFO 87253 --- [           main] .b.t.c.SpringBootTestContextBootstrapper : Using TestExecutionListeners: [org.springframework.test.context.web.ServletTestExecutionListener@5292ceca, org.springframework.test.context.support.DirtiesContextBeforeModesTestExecutionListener@13d9261f, org.springframework.boot.test.mock.mockito.MockitoTestExecutionListener@e9ef5b6, org.springframework.boot.test.autoconfigure.SpringBootDependencyInjectionTestExecutionListener@5300cac, org.springframework.test.context.support.DirtiesContextTestExecutionListener@4110765e, org.springframework.boot.test.mock.mockito.ResetMocksTestExecutionListener@1ba359bd, org.springframework.boot.test.autoconfigure.restdocs.RestDocsTestExecutionListener@62e93c3a, org.springframework.boot.test.autoconfigure.web.client.MockRestServiceServerResetTestExecutionListener@673919a7, org.springframework.boot.test.autoconfigure.web.servlet.MockMvcPrintOnlyOnFailureTestExecutionListener@25d93198, org.springframework.boot.test.autoconfigure.web.servlet.WebDriverTestExecutionListener@2436ea2f]

  .   ____          _            __ _ _
 /\\ / ___'_ __ _ _(_)_ __  __ _ \ \ \ \
( ( )\___ | '_ | '_| | '_ \/ _` | \ \ \ \
 \\/  ___)| |_)| | | | | || (_| |  ) ) ) )
  '  |____| .__|_| |_|_| |_\__, | / / / /
 =========|_|==============|___/=/_/_/_/
 :: Spring Boot ::        (v2.0.4.RELEASE)

2020-05-09 03:18:00.570  INFO 87253 --- [           main] mflix.api.daos.TimeoutsTest              : Starting TimeoutsTest on Manishs-Air.Dlink with PID 87253 (started by manishsharma in /Users/manishsharma/code/src/github/mflix-java/mflix)
2020-05-09 03:18:00.571  INFO 87253 --- [           main] mflix.api.daos.TimeoutsTest              : No active profile set, falling back to default profiles: default
2020-05-09 03:18:00.576  INFO 87253 --- [           main] o.s.w.c.s.GenericWebApplicationContext   : Refreshing org.springframework.web.context.support.GenericWebApplicationContext@6f49d153: startup date [Sat May 09 03:18:00 IST 2020]; root of context hierarchy
2020-05-09 03:18:01.027  INFO 87253 --- [           main] org.mongodb.driver.cluster               : Cluster created with settings {hosts=[mflix-shard-00-02-pmyac.mongodb.net:27017, mflix-shard-00-01-pmyac.mongodb.net:27017, mflix-shard-00-00-pmyac.mongodb.net:27017], mode=MULTIPLE, requiredClusterType=REPLICA_SET, serverSelectionTimeout='30000 ms', maxWaitQueueSize=500, requiredReplicaSetName='mflix-shard-0'}
2020-05-09 03:18:01.027  INFO 87253 --- [           main] org.mongodb.driver.cluster               : Adding discovered server mflix-shard-00-02-pmyac.mongodb.net:27017 to client view of cluster
2020-05-09 03:18:01.033  INFO 87253 --- [           main] org.mongodb.driver.cluster               : Adding discovered server mflix-shard-00-01-pmyac.mongodb.net:27017 to client view of cluster
2020-05-09 03:18:01.035  INFO 87253 --- [           main] org.mongodb.driver.cluster               : Adding discovered server mflix-shard-00-00-pmyac.mongodb.net:27017 to client view of cluster
2020-05-09 03:18:01.294  INFO 87253 --- [           main] o.s.w.s.handler.SimpleUrlHandlerMapping  : Mapped URL path [/**/favicon.ico] onto handler of type [class org.springframework.web.servlet.resource.ResourceHttpRequestHandler]
2020-05-09 03:18:01.334  INFO 87253 --- [ngodb.net:27017] org.mongodb.driver.connection            : Opened connection [connectionId{localValue:5, serverValue:45992}] to mflix-shard-00-02-pmyac.mongodb.net:27017
2020-05-09 03:18:01.349  INFO 87253 --- [ngodb.net:27017] org.mongodb.driver.connection            : Opened connection [connectionId{localValue:6, serverValue:61391}] to mflix-shard-00-01-pmyac.mongodb.net:27017
2020-05-09 03:18:01.364  INFO 87253 --- [ngodb.net:27017] org.mongodb.driver.connection            : Opened connection [connectionId{localValue:7, serverValue:47022}] to mflix-shard-00-00-pmyac.mongodb.net:27017
2020-05-09 03:18:01.377  INFO 87253 --- [ngodb.net:27017] org.mongodb.driver.cluster               : Monitor thread successfully connected to server with description ServerDescription{address=mflix-shard-00-02-pmyac.mongodb.net:27017, type=REPLICA_SET_SECONDARY, state=CONNECTED, ok=true, version=ServerVersion{versionList=[4, 2, 6]}, minWireVersion=0, maxWireVersion=8, maxDocumentSize=16777216, logicalSessionTimeoutMinutes=30, roundTripTimeNanos=42990453, setName='mflix-shard-0', canonicalAddress=mflix-shard-00-02-pmyac.mongodb.net:27017, hosts=[mflix-shard-00-02-pmyac.mongodb.net:27017, mflix-shard-00-00-pmyac.mongodb.net:27017, mflix-shard-00-01-pmyac.mongodb.net:27017], passives=[], arbiters=[], primary='mflix-shard-00-01-pmyac.mongodb.net:27017', tagSet=TagSet{[Tag{name='region', value='AP_SOUTHEAST_1'}, Tag{name='provider', value='AWS'}, Tag{name='nodeType', value='ELECTABLE'}]}, electionId=null, setVersion=3, lastWriteDate=Sat May 09 03:18:00 IST 2020, lastUpdateTimeNanos=939187844043373}
2020-05-09 03:18:01.394  INFO 87253 --- [ngodb.net:27017] org.mongodb.driver.cluster               : Monitor thread successfully connected to server with description ServerDescription{address=mflix-shard-00-01-pmyac.mongodb.net:27017, type=REPLICA_SET_PRIMARY, state=CONNECTED, ok=true, version=ServerVersion{versionList=[4, 2, 6]}, minWireVersion=0, maxWireVersion=8, maxDocumentSize=16777216, logicalSessionTimeoutMinutes=30, roundTripTimeNanos=44207618, setName='mflix-shard-0', canonicalAddress=mflix-shard-00-01-pmyac.mongodb.net:27017, hosts=[mflix-shard-00-02-pmyac.mongodb.net:27017, mflix-shard-00-00-pmyac.mongodb.net:27017, mflix-shard-00-01-pmyac.mongodb.net:27017], passives=[], arbiters=[], primary='mflix-shard-00-01-pmyac.mongodb.net:27017', tagSet=TagSet{[Tag{name='region', value='AP_SOUTHEAST_1'}, Tag{name='nodeType', value='ELECTABLE'}, Tag{name='provider', value='AWS'}]}, electionId=7fffffff0000000000000002, setVersion=3, lastWriteDate=Sat May 09 03:18:00 IST 2020, lastUpdateTimeNanos=939187860753866}
2020-05-09 03:18:01.395  INFO 87253 --- [ngodb.net:27017] org.mongodb.driver.cluster               : Setting max election id to 7fffffff0000000000000002 from replica set primary mflix-shard-00-01-pmyac.mongodb.net:27017
2020-05-09 03:18:01.395  INFO 87253 --- [ngodb.net:27017] org.mongodb.driver.cluster               : Setting max set version to 3 from replica set primary mflix-shard-00-01-pmyac.mongodb.net:27017
2020-05-09 03:18:01.395  INFO 87253 --- [ngodb.net:27017] org.mongodb.driver.cluster               : Discovered replica set primary mflix-shard-00-01-pmyac.mongodb.net:27017
2020-05-09 03:18:01.410  INFO 87253 --- [ngodb.net:27017] org.mongodb.driver.cluster               : Monitor thread successfully connected to server with description ServerDescription{address=mflix-shard-00-00-pmyac.mongodb.net:27017, type=REPLICA_SET_SECONDARY, state=CONNECTED, ok=true, version=ServerVersion{versionList=[4, 2, 6]}, minWireVersion=0, maxWireVersion=8, maxDocumentSize=16777216, logicalSessionTimeoutMinutes=30, roundTripTimeNanos=45591566, setName='mflix-shard-0', canonicalAddress=mflix-shard-00-00-pmyac.mongodb.net:27017, hosts=[mflix-shard-00-02-pmyac.mongodb.net:27017, mflix-shard-00-00-pmyac.mongodb.net:27017, mflix-shard-00-01-pmyac.mongodb.net:27017], passives=[], arbiters=[], primary='mflix-shard-00-01-pmyac.mongodb.net:27017', tagSet=TagSet{[Tag{name='nodeType', value='ELECTABLE'}, Tag{name='region', value='AP_SOUTHEAST_1'}, Tag{name='provider', value='AWS'}]}, electionId=null, setVersion=3, lastWriteDate=Sat May 09 03:18:00 IST 2020, lastUpdateTimeNanos=939187876719336}
2020-05-09 03:18:01.718  INFO 87253 --- [           main] s.w.s.m.m.a.RequestMappingHandlerAdapter : Looking for @ControllerAdvice: org.springframework.web.context.support.GenericWebApplicationContext@6f49d153: startup date [Sat May 09 03:18:00 IST 2020]; root of context hierarchy
2020-05-09 03:18:01.768  INFO 87253 --- [           main] s.w.s.m.m.a.RequestMappingHandlerMapping : Mapped "{[/error]}" onto public org.springframework.http.ResponseEntity<java.util.Map<java.lang.String, java.lang.Object>> org.springframework.boot.autoconfigure.web.servlet.error.BasicErrorController.error(javax.servlet.http.HttpServletRequest)
2020-05-09 03:18:01.770  INFO 87253 --- [           main] s.w.s.m.m.a.RequestMappingHandlerMapping : Mapped "{[/error],produces=[text/html]}" onto public org.springframework.web.servlet.ModelAndView org.springframework.boot.autoconfigure.web.servlet.error.BasicErrorController.errorHtml(javax.servlet.http.HttpServletRequest,javax.servlet.http.HttpServletResponse)
2020-05-09 03:18:01.815  INFO 87253 --- [           main] o.s.w.s.handler.SimpleUrlHandlerMapping  : Mapped URL path [/webjars/**] onto handler of type [class org.springframework.web.servlet.resource.ResourceHttpRequestHandler]
2020-05-09 03:18:01.815  INFO 87253 --- [           main] o.s.w.s.handler.SimpleUrlHandlerMapping  : Mapped URL path [/**] onto handler of type [class org.springframework.web.servlet.resource.ResourceHttpRequestHandler]
2020-05-09 03:18:01.882  INFO 87253 --- [           main] o.s.b.a.w.s.WelcomePageHandlerMapping    : Adding welcome page: class path resource [build/index.html]
2020-05-09 03:18:02.125  INFO 87253 --- [           main] .s.s.UserDetailsServiceAutoConfiguration : 

Using generated security password: bcd32605-d46a-4df4-ada3-fd33a6c60397

2020-05-09 03:18:02.306  INFO 87253 --- [           main] o.s.s.web.DefaultSecurityFilterChain     : Creating filter chain: org.springframework.security.web.util.matcher.AnyRequestMatcher@1, [org.springframework.security.web.context.request.async.WebAsyncManagerIntegrationFilter@6f231ced, org.springframework.security.web.context.SecurityContextPersistenceFilter@33956d1a, org.springframework.security.web.header.HeaderWriterFilter@5a75ec37, org.springframework.security.web.csrf.CsrfFilter@608fe01f, org.springframework.security.web.authentication.logout.LogoutFilter@40e32762, org.springframework.security.web.authentication.UsernamePasswordAuthenticationFilter@5981f4a6, org.springframework.security.web.authentication.ui.DefaultLoginPageGeneratingFilter@58867cd5, org.springframework.security.web.authentication.www.BasicAuthenticationFilter@63dfada0, org.springframework.security.web.savedrequest.RequestCacheAwareFilter@2e1ddc90, org.springframework.security.web.servletapi.SecurityContextHolderAwareRequestFilter@5b7c8930, org.springframework.security.web.authentication.AnonymousAuthenticationFilter@35a60674, org.springframework.security.web.session.SessionManagementFilter@2c05ff9d, org.springframework.security.web.access.ExceptionTranslationFilter@2687725a, org.springframework.security.web.access.intercept.FilterSecurityInterceptor@d5af0a5]
2020-05-09 03:18:02.407  INFO 87253 --- [           main] mflix.api.daos.TimeoutsTest              : Started TimeoutsTest in 1.911 seconds (JVM running for 12.421)
2020-05-09 03:18:02.440  INFO 87253 --- [           main] org.mongodb.driver.cluster               : Cluster created with settings {hosts=[mflix-shard-00-02-pmyac.mongodb.net:27017, mflix-shard-00-01-pmyac.mongodb.net:27017, mflix-shard-00-00-pmyac.mongodb.net:27017], mode=MULTIPLE, requiredClusterType=REPLICA_SET, serverSelectionTimeout='30000 ms', maxWaitQueueSize=500, requiredReplicaSetName='mflix-shard-0'}
2020-05-09 03:18:02.443  INFO 87253 --- [           main] org.mongodb.driver.cluster               : Adding discovered server mflix-shard-00-02-pmyac.mongodb.net:27017 to client view of cluster
2020-05-09 03:18:02.445  INFO 87253 --- [           main] org.mongodb.driver.cluster               : Adding discovered server mflix-shard-00-01-pmyac.mongodb.net:27017 to client view of cluster
2020-05-09 03:18:02.449  INFO 87253 --- [           main] org.mongodb.driver.cluster               : Adding discovered server mflix-shard-00-00-pmyac.mongodb.net:27017 to client view of cluster
]]></system-out>
  </testcase>
  <testcase name="testConfiguredWtimeout" classname="mflix.api.daos.TimeoutsTest" time="0.023">
    <error type="java.lang.NullPointerException">java.lang.NullPointerException
	at mflix.api.daos.TimeoutsTest.testConfiguredWtimeout(TimeoutsTest.java:49)
</error>
    <system-out><![CDATA[2020-05-09 03:18:02.491  INFO 87253 --- [           main] org.mongodb.driver.cluster               : Cluster created with settings {hosts=[mflix-shard-00-02-pmyac.mongodb.net:27017, mflix-shard-00-01-pmyac.mongodb.net:27017, mflix-shard-00-00-pmyac.mongodb.net:27017], mode=MULTIPLE, requiredClusterType=REPLICA_SET, serverSelectionTimeout='30000 ms', maxWaitQueueSize=500, requiredReplicaSetName='mflix-shard-0'}
2020-05-09 03:18:02.491  INFO 87253 --- [           main] org.mongodb.driver.cluster               : Adding discovered server mflix-shard-00-02-pmyac.mongodb.net:27017 to client view of cluster
2020-05-09 03:18:02.493  INFO 87253 --- [           main] org.mongodb.driver.cluster               : Adding discovered server mflix-shard-00-01-pmyac.mongodb.net:27017 to client view of cluster
2020-05-09 03:18:02.495  INFO 87253 --- [           main] org.mongodb.driver.cluster               : Adding discovered server mflix-shard-00-00-pmyac.mongodb.net:27017 to client view of cluster
]]></system-out>
  </testcase>
</testsuite>